<?xml version="1.0" encoding="UTF-8"?>
<!-- Generated by org.testng.reporters.JUnitXMLReporter -->
<testsuite hostname="HDC0006485" tests="2" failures="0" timestamp="18 Nov 2016 09:24:25 GMT" time="0.034" errors="0">
  <testcase name="testCaseConditionalSkipException" time="0.012" classname="SkipExample">
    <skipped/>
  </testcase> <!-- testCaseConditionalSkipException -->
  <testcase name="testCaseSkipException" time="0.002" classname="SkipExample">
    <skipped/>
  </testcase> <!-- testCaseSkipException -->
</testsuite>
